<?xml version="1.0" encoding="UTF-8" ?>
<testsuites>
	<testsuite name="example suite" tests="1" failures="1">
		<testcase name="example case">
		</testcase>
	</testsuite>
</testsuites>
